<?xml version="1.0" encoding="UTF-8"?>
<!-- Generated by org.testng.reporters.JUnitXMLReporter -->
<testsuite hostname="DESKTOP-DEV86DM" name="Test" tests="3" failures="1" timestamp="13 Feb 2020 07:07:37 GMT" time="25.474" errors="0">
  <testcase name="testCase1" time="4.455" classname="qbrainx.executable.scripts.LoginScripts"/>
  <testcase name="testCase1" time="7.347" classname="qbrainx.executable.scripts.LoginScripts"/>
  <testcase name="testCase2" time="0.034" classname="qbrainx.executable.scripts.LoginScripts">
    <failure type="java.lang.AssertionError" message=" Home page of FB  expected [true] but found [false]">
      <![CDATA[java.lang.AssertionError:  Home page of FB  expected [true] but found [false]
	at qbrainx.executable.scripts.LoginScripts.testCase2(LoginScripts.java:34)
... Removed 27 stack frames]]>
    </failure>
  </testcase> <!-- testCase2 -->
</testsuite> <!-- Test -->
